localhost/:1 Access to fetch at 'http://127.0.0.1:5000/pets' from origin 'http://localhost:3000' has been blocked by CORS policy: No 'Access-Control-Allow-Origin' header is present on the requested resource. If an opaque response serves your needs, set the request's mode to 'no-cors' to fetch the resource with CORS disabled.
127.0.0.1:5000/pets:1 
        
        
       Failed to load resource: net::ERR_FAILED
app-index.js:33 Error fetching pets: TypeError: Failed to fetch
    at eval (page.tsx:26:5)
    at commitHookEffectListMount (react-dom.development.js:21102:23)
    at commitHookPassiveMountEffects (react-dom.development.js:23154:7)
    at commitPassiveMountOnFiber (react-dom.development.js:23259:11)
    at recursivelyTraversePassiveMountEffects (react-dom.development.js:23237:7)
    at commitPassiveMountOnFiber (react-dom.development.js:23256:9)
    at recursivelyTraversePassiveMountEffects (react-dom.development.js:23237:7)
    at commitPassiveMountOnFiber (react-dom.development.js:23370:9)
    at recursivelyTraversePassiveMountEffects (react-dom.development.js:23237:7)
    at commitPassiveMountOnFiber (react-dom.development.js:23370:9)
    at recursivelyTraversePassiveMountEffects (react-dom.development.js:23237:7)
    at commitPassiveMountOnFiber (react-dom.development.js:23256:9)
    at recursivelyTraversePassiveMountEffects (react-dom.development.js:23237:7)
    at commitPassiveMountOnFiber (react-dom.development.js:23370:9)
    at recursivelyTraversePassiveMountEffects (react-dom.development.js:23237:7)
    at commitPassiveMountOnFiber (react-dom.development.js:23256:9)
    at recursivelyTraversePassiveMountEffects (react-dom.development.js:23237:7)
    at commitPassiveMountOnFiber (react-dom.development.js:23370:9)
    at recursivelyTraversePassiveMountEffects (react-dom.development.js:23237:7)
    at commitPassiveMountOnFiber (react-dom.development.js:23256:9)
    at recursivelyTraversePassiveMountEffects (react-dom.development.js:23237:7)
    at commitPassiveMountOnFiber (react-dom.development.js:23256:9)
    at recursivelyTraversePassiveMountEffects (react-dom.development.js:23237:7)
    at commitPassiveMountOnFiber (react-dom.development.js:23256:9)
    at recursivelyTraversePassiveMountEffects (react-dom.development.js:23237:7)
    at commitPassiveMountOnFiber (react-dom.development.js:23370:9)
    at recursivelyTraversePassiveMountEffects (react-dom.development.js:23237:7)
    at commitPassiveMountOnFiber (react-dom.development.js:23256:9)
    at recursivelyTraversePassiveMountEffects (react-dom.development.js:23237:7)
    at commitPassiveMountOnFiber (react-dom.development.js:23256:9)
    at recursivelyTraversePassiveMountEffects (react-dom.development.js:23237:7)
    at commitPassiveMountOnFiber (react-dom.development.js:23370:9)
    at recursivelyTraversePassiveMountEffects (react-dom.development.js:23237:7)
    at commitPassiveMountOnFiber (react-dom.development.js:23370:9)
    at recursivelyTraversePassiveMountEffects (react-dom.development.js:23237:7)
    at commitPassiveMountOnFiber (react-dom.development.js:23256:9)
    at recursivelyTraversePassiveMountEffects (react-dom.development.js:23237:7)
    at commitPassiveMountOnFiber (react-dom.development.js:23370:9)
    at recursivelyTraversePassiveMountEffects (react-dom.development.js:23237:7)
    at commitPassiveMountOnFiber (react-dom.development.js:23370:9)
    at recursivelyTraversePassiveMountEffects (react-dom.development.js:23237:7)
    at commitPassiveMountOnFiber (react-dom.development.js:23370:9)
    at recursivelyTraversePassiveMountEffects (react-dom.development.js:23237:7)
    at commitPassiveMountOnFiber (react-dom.development.js:23370:9)
    at recursivelyTraversePassiveMountEffects (react-dom.development.js:23237:7)
    at commitPassiveMountOnFiber (react-dom.development.js:23256:9)
    at recursivelyTraversePassiveMountEffects (react-dom.development.js:23237:7)
    at commitPassiveMountOnFiber (react-dom.development.js:23370:9)
    at recursivelyTraversePassiveMountEffects (react-dom.development.js:23237:7)
    at commitPassiveMountOnFiber (react-dom.development.js:23370:9)
window.console.error @ app-index.js:33
Show 1 more frame
Show less
localhost/:1 Access to fetch at 'http://127.0.0.1:5000/pets' from origin 'http://localhost:3000' has been blocked by CORS policy: No 'Access-Control-Allow-Origin' header is present on the requested resource. If an opaque response serves your needs, set the request's mode to 'no-cors' to fetch the resource with CORS disabled.
127.0.0.1:5000/pets:1 
        
        
       Failed to load resource: net::ERR_FAILED
app-index.js:33 Error fetching pets: TypeError: Failed to fetch
    at eval (page.tsx:26:5)
    at commitHookEffectListMount (react-dom.development.js:21102:23)
    at invokePassiveEffectMountInDEV (react-dom.development.js:23980:13)
    at invokeEffectsInDev (react-dom.development.js:26852:9)
    at legacyCommitDoubleInvokeEffectsInDEV (react-dom.development.js:26835:5)
    at commitDoubleInvokeEffectsInDEV (react-dom.development.js:26816:7)
    at flushPassiveEffectsImpl (react-dom.development.js:26514:5)
    at flushPassiveEffects (react-dom.development.js:26438:14)
    at eval (react-dom.development.js:26172:9)
    at workLoop (scheduler.development.js:256:34)
    at flushWork (scheduler.development.js:225:14)
    at MessagePort.performWorkUntilDeadline (scheduler.development.js:534:21)
window.console.error @ app-index.js:33
Show 1 more frame
Show less
warn-once.js:16 Image with src "/image/pets.jpg" was detected as the Largest Contentful Paint (LCP). Please add the "priority" property if this image is above the fold.
Read more: https://nextjs.org/docs/api-reference/next/image#priority
warnOnce @ warn-once.js:16
Show 1 more frame
Show less
