backend:5000/pets:1 
        
        
       Failed to load resource: net::ERR_NAME_NOT_RESOLVED
app-index.js:33 Error fetching pets: TypeError: Failed to fetch
    at eval (page.tsx:26:5)
    at commitHookEffectListMount (react-dom.development.js:21102:23)
    at commitHookPassiveMountEffects (react-dom.development.js:23154:7)
    at commitPassiveMountOnFiber (react-dom.development.js:23259:11)
    at recursivelyTraversePassiveMountEffects (react-dom.development.js:23237:7)
    at commitPassiveMountOnFiber (react-dom.development.js:23256:9)
    at recursivelyTraversePassiveMountEffects (react-dom.development.js:23237:7)
    at commitPassiveMountOnFiber (react-dom.development.js:23370:9)
    at recursivelyTraversePassiveMountEffects (react-dom.development.js:23237:7)
    at commitPassiveMountOnFiber (react-dom.development.js:23370:9)
    at recursivelyTraversePassiveMountEffects (react-dom.development.js:23237:7)
    at commitPassiveMountOnFiber (react-dom.development.js:23256:9)
    at recursivelyTraversePassiveMountEffects (react-dom.development.js:23237:7)
    at commitPassiveMountOnFiber (react-dom.development.js:23370:9)
    at recursivelyTraversePassiveMountEffects (react-dom.development.js:23237:7)
    at commitPassiveMountOnFiber (react-dom.development.js:23256:9)
    at recursivelyTraversePassiveMountEffects (react-dom.development.js:23237:7)
    at commitPassiveMountOnFiber (react-dom.development.js:23370:9)
    at recursivelyTraversePassiveMountEffects (react-dom.development.js:23237:7)
    at commitPassiveMountOnFiber (react-dom.development.js:23256:9)
    at recursivelyTraversePassiveMountEffects (react-dom.development.js:23237:7)
    at commitPassiveMountOnFiber (react-dom.development.js:23256:9)
    at recursivelyTraversePassiveMountEffects (react-dom.development.js:23237:7)
    at commitPassiveMountOnFiber (react-dom.development.js:23256:9)
    at recursivelyTraversePassiveMountEffects (react-dom.development.js:23237:7)
    at commitPassiveMountOnFiber (react-dom.development.js:23370:9)
    at recursivelyTraversePassiveMountEffects (react-dom.development.js:23237:7)
    at commitPassiveMountOnFiber (react-dom.development.js:23256:9)
    at recursivelyTraversePassiveMountEffects (react-dom.development.js:23237:7)
    at commitPassiveMountOnFiber (react-dom.development.js:23256:9)
    at recursivelyTraversePassiveMountEffects (react-dom.development.js:23237:7)
    at commitPassiveMountOnFiber (react-dom.development.js:23370:9)
    at recursivelyTraversePassiveMountEffects (react-dom.development.js:23237:7)
    at commitPassiveMountOnFiber (react-dom.development.js:23370:9)
    at recursivelyTraversePassiveMountEffects (react-dom.development.js:23237:7)
    at commitPassiveMountOnFiber (react-dom.development.js:23256:9)
    at recursivelyTraversePassiveMountEffects (react-dom.development.js:23237:7)
    at commitPassiveMountOnFiber (react-dom.development.js:23370:9)
    at recursivelyTraversePassiveMountEffects (react-dom.development.js:23237:7)
    at commitPassiveMountOnFiber (react-dom.development.js:23370:9)
    at recursivelyTraversePassiveMountEffects (react-dom.development.js:23237:7)
    at commitPassiveMountOnFiber (react-dom.development.js:23370:9)
    at recursivelyTraversePassiveMountEffects (react-dom.development.js:23237:7)
    at commitPassiveMountOnFiber (react-dom.development.js:23370:9)
    at recursivelyTraversePassiveMountEffects (react-dom.development.js:23237:7)
    at commitPassiveMountOnFiber (react-dom.development.js:23256:9)
    at recursivelyTraversePassiveMountEffects (react-dom.development.js:23237:7)
    at commitPassiveMountOnFiber (react-dom.development.js:23370:9)
    at recursivelyTraversePassiveMountEffects (react-dom.development.js:23237:7)
    at commitPassiveMountOnFiber (react-dom.development.js:23370:9)
window.console.error @ app-index.js:33
Show 1 more frame
Show less
backend:5000/pets:1 
        
        
       Failed to load resource: net::ERR_NAME_NOT_RESOLVED
app-index.js:33 Error fetching pets: TypeError: Failed to fetch
    at eval (page.tsx:26:5)
    at commitHookEffectListMount (react-dom.development.js:21102:23)
    at invokePassiveEffectMountInDEV (react-dom.development.js:23980:13)
    at invokeEffectsInDev (react-dom.development.js:26852:9)
    at legacyCommitDoubleInvokeEffectsInDEV (react-dom.development.js:26835:5)
    at commitDoubleInvokeEffectsInDEV (react-dom.development.js:26816:7)
    at flushPassiveEffectsImpl (react-dom.development.js:26514:5)
    at flushPassiveEffects (react-dom.development.js:26438:14)
    at eval (react-dom.development.js:26172:9)
    at workLoop (scheduler.development.js:256:34)
    at flushWork (scheduler.development.js:225:14)
    at MessagePort.performWorkUntilDeadline (scheduler.development.js:534:21)
window.console.error @ app-index.js:33
Show 1 more frame
Show less
