page.tsx:28 Fetched data (5) [{…}, {…}, {…}, {…}, {…}]
page.tsx:28 Fetched data (5) [{…}, {…}, {…}, {…}, {…}]0: age: 3description: "Friendly and energetic"imageURL: "http://127.0.0.1:5000/uploads/buddy.jpg"name: "Buddy"price: 499.99type: "Dog"[[Prototype]]: Object1: {age: 2, description: 'Friendly and lazy', imageURL: 'http://127.0.0.1:5000/uploads/beauty.jpg', name: 'Beauty', price: 499.99, …}2: {age: 3, description: 'Friendly and lazy', imageURL: 'http://127.0.0.1:5000/uploads/moon.jpg', name: 'Moon', price: 399.99, …}3: {age: 3, description: 'Angry but beautiful', imageURL: 'http://127.0.0.1:5000/uploads/mochi.jpg', name: 'Mochi', price: 599.99, …}4: {age: 4, description: 'Friendly and eat a lot. ', imageURL: 'http://127.0.0.1:5000/uploads/king.png', name: 'King do', price: 4999.99, …}length: 5[[Prototype]]: Array(0)
warn-once.js:16 Image with src "http://127.0.0.1:5000/uploads/buddy.jpg" has either width or height modified, but not the other. If you use CSS to change the size of your image, also include the styles 'width: "auto"' or 'height: "auto"' to maintain the aspect ratio.
warnOnce @ warn-once.js:16
eval @ image-component.js:112
Promise.then
handleLoading @ image-component.js:37
onLoad @ image-component.js:198
callCallback @ react-dom.development.js:20565
invokeGuardedCallbackImpl @ react-dom.development.js:20614
invokeGuardedCallback @ react-dom.development.js:20689
invokeGuardedCallbackAndCatchFirstError @ react-dom.development.js:20703
executeDispatch @ react-dom.development.js:32128
processDispatchQueueItemsInOrder @ react-dom.development.js:32160
processDispatchQueue @ react-dom.development.js:32173
dispatchEventsForPlugins @ react-dom.development.js:32184
eval @ react-dom.development.js:32374
batchedUpdates$1 @ react-dom.development.js:24953
batchedUpdates @ react-dom.development.js:28844
dispatchEventForPluginEventSystem @ react-dom.development.js:32373
dispatchEvent @ react-dom.development.js:30141
load
addEventBubbleListener @ react-dom.development.js:30361
addTrappedEventListener @ react-dom.development.js:32277
listenToNonDelegatedEvent @ react-dom.development.js:32199
setInitialProperties @ react-dom.development.js:33709
finalizeInitialChildren @ react-dom.development.js:35515
completeWork @ react-dom.development.js:19782
completeUnitOfWork @ react-dom.development.js:25963
performUnitOfWork @ react-dom.development.js:25759
workLoopSync @ react-dom.development.js:25464
renderRootSync @ react-dom.development.js:25419
performConcurrentWorkOnRoot @ react-dom.development.js:24504
workLoop @ scheduler.development.js:256
flushWork @ scheduler.development.js:225
performWorkUntilDeadline @ scheduler.development.js:534
Show 31 more frames
Show less
warn-once.js:16 Image with src "http://127.0.0.1:5000/uploads/beauty.jpg" has either width or height modified, but not the other. If you use CSS to change the size of your image, also include the styles 'width: "auto"' or 'height: "auto"' to maintain the aspect ratio.
warnOnce @ warn-once.js:16
eval @ image-component.js:112
Promise.then
handleLoading @ image-component.js:37
onLoad @ image-component.js:198
callCallback @ react-dom.development.js:20565
invokeGuardedCallbackImpl @ react-dom.development.js:20614
invokeGuardedCallback @ react-dom.development.js:20689
invokeGuardedCallbackAndCatchFirstError @ react-dom.development.js:20703
executeDispatch @ react-dom.development.js:32128
processDispatchQueueItemsInOrder @ react-dom.development.js:32160
processDispatchQueue @ react-dom.development.js:32173
dispatchEventsForPlugins @ react-dom.development.js:32184
eval @ react-dom.development.js:32374
batchedUpdates$1 @ react-dom.development.js:24953
batchedUpdates @ react-dom.development.js:28844
dispatchEventForPluginEventSystem @ react-dom.development.js:32373
dispatchEvent @ react-dom.development.js:30141
load
addEventBubbleListener @ react-dom.development.js:30361
addTrappedEventListener @ react-dom.development.js:32277
listenToNonDelegatedEvent @ react-dom.development.js:32199
setInitialProperties @ react-dom.development.js:33709
finalizeInitialChildren @ react-dom.development.js:35515
completeWork @ react-dom.development.js:19782
completeUnitOfWork @ react-dom.development.js:25963
performUnitOfWork @ react-dom.development.js:25759
workLoopSync @ react-dom.development.js:25464
renderRootSync @ react-dom.development.js:25419
performConcurrentWorkOnRoot @ react-dom.development.js:24504
workLoop @ scheduler.development.js:256
flushWork @ scheduler.development.js:225
performWorkUntilDeadline @ scheduler.development.js:534
Show 31 more frames
Show less
warn-once.js:16 Image with src "http://127.0.0.1:5000/uploads/moon.jpg" has either width or height modified, but not the other. If you use CSS to change the size of your image, also include the styles 'width: "auto"' or 'height: "auto"' to maintain the aspect ratio.
warnOnce @ warn-once.js:16
eval @ image-component.js:112
Promise.then
handleLoading @ image-component.js:37
onLoad @ image-component.js:198
callCallback @ react-dom.development.js:20565
invokeGuardedCallbackImpl @ react-dom.development.js:20614
invokeGuardedCallback @ react-dom.development.js:20689
invokeGuardedCallbackAndCatchFirstError @ react-dom.development.js:20703
executeDispatch @ react-dom.development.js:32128
processDispatchQueueItemsInOrder @ react-dom.development.js:32160
processDispatchQueue @ react-dom.development.js:32173
dispatchEventsForPlugins @ react-dom.development.js:32184
eval @ react-dom.development.js:32374
batchedUpdates$1 @ react-dom.development.js:24953
batchedUpdates @ react-dom.development.js:28844
dispatchEventForPluginEventSystem @ react-dom.development.js:32373
dispatchEvent @ react-dom.development.js:30141
load
addEventBubbleListener @ react-dom.development.js:30361
addTrappedEventListener @ react-dom.development.js:32277
listenToNonDelegatedEvent @ react-dom.development.js:32199
setInitialProperties @ react-dom.development.js:33709
finalizeInitialChildren @ react-dom.development.js:35515
completeWork @ react-dom.development.js:19782
completeUnitOfWork @ react-dom.development.js:25963
performUnitOfWork @ react-dom.development.js:25759
workLoopSync @ react-dom.development.js:25464
renderRootSync @ react-dom.development.js:25419
performConcurrentWorkOnRoot @ react-dom.development.js:24504
workLoop @ scheduler.development.js:256
flushWork @ scheduler.development.js:225
performWorkUntilDeadline @ scheduler.development.js:534
Show 31 more frames
Show less
warn-once.js:16 Image with src "http://127.0.0.1:5000/uploads/mochi.jpg" has either width or height modified, but not the other. If you use CSS to change the size of your image, also include the styles 'width: "auto"' or 'height: "auto"' to maintain the aspect ratio.
warnOnce @ warn-once.js:16
eval @ image-component.js:112
Promise.then
handleLoading @ image-component.js:37
onLoad @ image-component.js:198
callCallback @ react-dom.development.js:20565
invokeGuardedCallbackImpl @ react-dom.development.js:20614
invokeGuardedCallback @ react-dom.development.js:20689
invokeGuardedCallbackAndCatchFirstError @ react-dom.development.js:20703
executeDispatch @ react-dom.development.js:32128
processDispatchQueueItemsInOrder @ react-dom.development.js:32160
processDispatchQueue @ react-dom.development.js:32173
dispatchEventsForPlugins @ react-dom.development.js:32184
eval @ react-dom.development.js:32374
batchedUpdates$1 @ react-dom.development.js:24953
batchedUpdates @ react-dom.development.js:28844
dispatchEventForPluginEventSystem @ react-dom.development.js:32373
dispatchEvent @ react-dom.development.js:30141
load
addEventBubbleListener @ react-dom.development.js:30361
addTrappedEventListener @ react-dom.development.js:32277
listenToNonDelegatedEvent @ react-dom.development.js:32199
setInitialProperties @ react-dom.development.js:33709
finalizeInitialChildren @ react-dom.development.js:35515
completeWork @ react-dom.development.js:19782
completeUnitOfWork @ react-dom.development.js:25963
performUnitOfWork @ react-dom.development.js:25759
workLoopSync @ react-dom.development.js:25464
renderRootSync @ react-dom.development.js:25419
performConcurrentWorkOnRoot @ react-dom.development.js:24504
workLoop @ scheduler.development.js:256
flushWork @ scheduler.development.js:225
performWorkUntilDeadline @ scheduler.development.js:534
Show 31 more frames
Show less
warn-once.js:16 Image with src "http://127.0.0.1:5000/uploads/king.png" has either width or height modified, but not the other. If you use CSS to change the size of your image, also include the styles 'width: "auto"' or 'height: "auto"' to maintain the aspect ratio.
warnOnce @ warn-once.js:16
eval @ image-component.js:112
Promise.then
handleLoading @ image-component.js:37
onLoad @ image-component.js:198
callCallback @ react-dom.development.js:20565
invokeGuardedCallbackImpl @ react-dom.development.js:20614
invokeGuardedCallback @ react-dom.development.js:20689
invokeGuardedCallbackAndCatchFirstError @ react-dom.development.js:20703
executeDispatch @ react-dom.development.js:32128
processDispatchQueueItemsInOrder @ react-dom.development.js:32160
processDispatchQueue @ react-dom.development.js:32173
dispatchEventsForPlugins @ react-dom.development.js:32184
eval @ react-dom.development.js:32374
batchedUpdates$1 @ react-dom.development.js:24953
batchedUpdates @ react-dom.development.js:28844
dispatchEventForPluginEventSystem @ react-dom.development.js:32373
dispatchEvent @ react-dom.development.js:30141
load
addEventBubbleListener @ react-dom.development.js:30361
addTrappedEventListener @ react-dom.development.js:32277
listenToNonDelegatedEvent @ react-dom.development.js:32199
setInitialProperties @ react-dom.development.js:33709
finalizeInitialChildren @ react-dom.development.js:35515
completeWork @ react-dom.development.js:19782
completeUnitOfWork @ react-dom.development.js:25963
performUnitOfWork @ react-dom.development.js:25759
workLoopSync @ react-dom.development.js:25464
renderRootSync @ react-dom.development.js:25419
performConcurrentWorkOnRoot @ react-dom.development.js:24504
workLoop @ scheduler.development.js:256
flushWork @ scheduler.development.js:225
performWorkUntilDeadline @ scheduler.development.js:534
Show 31 more frames
Show less
