page.tsx:28 Fetched data (5) [{…}, {…}, {…}, {…}, {…}]
main-app.js?v=1723139891371:980 Warning: Cannot update a component (`HotReload`) while rendering a different component (`ForwardRef`). To locate the bad setState() call inside `ForwardRef`, follow the stack trace as described in https://reactjs.org/link/setstate-in-render
    at eval (webpack-internal:///(app-pages-browser)/./node_modules/next/dist/client/image-component.js:243:47)
    at div
    at div
    at main
    at Home (webpack-internal:///(app-pages-browser)/./app/page.tsx:17:76)
    at ClientPageRoot (webpack-internal:///(app-pages-browser)/./node_modules/next/dist/client/components/client-page.js:14:11)
    at InnerLayoutRouter (webpack-internal:///(app-pages-browser)/./node_modules/next/dist/client/components/layout-router.js:243:11)
    at RedirectErrorBoundary (webpack-internal:///(app-pages-browser)/./node_modules/next/dist/client/components/redirect-boundary.js:74:9)
    at RedirectBoundary (webpack-internal:///(app-pages-browser)/./node_modules/next/dist/client/components/redirect-boundary.js:82:11)
    at NotFoundErrorBoundary (webpack-internal:///(app-pages-browser)/./node_modules/next/dist/client/components/not-found-boundary.js:76:9)
    at NotFoundBoundary (webpack-internal:///(app-pages-browser)/./node_modules/next/dist/client/components/not-found-boundary.js:84:11)
    at LoadingBoundary (webpack-internal:///(app-pages-browser)/./node_modules/next/dist/client/components/layout-router.js:349:11)
    at ErrorBoundary (webpack-internal:///(app-pages-browser)/./node_modules/next/dist/client/components/error-boundary.js:160:11)
    at InnerScrollAndFocusHandler (webpack-internal:///(app-pages-browser)/./node_modules/next/dist/client/components/layout-router.js:153:9)
    at ScrollAndFocusHandler (webpack-internal:///(app-pages-browser)/./node_modules/next/dist/client/components/layout-router.js:228:11)
    at RenderFromTemplateContext (webpack-internal:///(app-pages-browser)/./node_modules/next/dist/client/components/render-from-template-context.js:16:44)
    at OuterLayoutRouter (webpack-internal:///(app-pages-browser)/./node_modules/next/dist/client/components/layout-router.js:370:11)
    at body
    at html
    at RootLayout (Server)
    at RedirectErrorBoundary (webpack-internal:///(app-pages-browser)/./node_modules/next/dist/client/components/redirect-boundary.js:74:9)
    at RedirectBoundary (webpack-internal:///(app-pages-browser)/./node_modules/next/dist/client/components/redirect-boundary.js:82:11)
    at NotFoundErrorBoundary (webpack-internal:///(app-pages-browser)/./node_modules/next/dist/client/components/not-found-boundary.js:76:9)
    at NotFoundBoundary (webpack-internal:///(app-pages-browser)/./node_modules/next/dist/client/components/not-found-boundary.js:84:11)
    at DevRootNotFoundBoundary (webpack-internal:///(app-pages-browser)/./node_modules/next/dist/client/components/dev-root-not-found-boundary.js:33:11)
    at ReactDevOverlay (webpack-internal:///(app-pages-browser)/./node_modules/next/dist/client/components/react-dev-overlay/app/ReactDevOverlay.js:87:9)
    at HotReload (webpack-internal:///(app-pages-browser)/./node_modules/next/dist/client/components/react-dev-overlay/app/hot-reloader-client.js:321:11)
    at Router (webpack-internal:///(app-pages-browser)/./node_modules/next/dist/client/components/app-router.js:207:11)
    at ErrorBoundaryHandler (webpack-internal:///(app-pages-browser)/./node_modules/next/dist/client/components/error-boundary.js:113:9)
    at ErrorBoundary (webpack-internal:///(app-pages-browser)/./node_modules/next/dist/client/components/error-boundary.js:160:11)
    at AppRouter (webpack-internal:///(app-pages-browser)/./node_modules/next/dist/client/components/app-router.js:585:13)
    at ServerRoot (webpack-internal:///(app-pages-browser)/./node_modules/next/dist/client/app-index.js:112:27)
    at Root (webpack-internal:///(app-pages-browser)/./node_modules/next/dist/client/app-index.js:117:11)
window.console.error @ app-index.js:33
console.error @ hydration-error-info.js:63
printWarning @ react-dom.development.js:94
error @ react-dom.development.js:68
warnAboutRenderPhaseUpdatesInDEV @ react-dom.development.js:26990
scheduleUpdateOnFiber @ react-dom.development.js:24395
dispatchReducerAction @ react-dom.development.js:13001
eval @ hot-reloader-client.js:361
eval @ use-error-handler.js:62
invokeGuardedCallbackImpl @ react-dom.development.js:20614
invokeGuardedCallback @ react-dom.development.js:20689
beginWork @ react-dom.development.js:26949
performUnitOfWork @ react-dom.development.js:25748
workLoopSync @ react-dom.development.js:25464
renderRootSync @ react-dom.development.js:25419
performConcurrentWorkOnRoot @ react-dom.development.js:24504
workLoop @ scheduler.development.js:256
flushWork @ scheduler.development.js:225
performWorkUntilDeadline @ scheduler.development.js:534
error
eval @ use-error-handler.js:30
(app-pages-browser)/./node_modules/next/dist/client/components/react-dev-overlay/internal/helpers/use-error-handler.js @ main-app.js?v=1723139891371:980
options.factory @ webpack.js?v=1723139891371:715
__webpack_require__ @ webpack.js?v=1723139891371:37
fn @ webpack.js?v=1723139891371:371
eval @ hot-reloader-client.js:20
(app-pages-browser)/./node_modules/next/dist/client/components/react-dev-overlay/app/hot-reloader-client.js @ main-app.js?v=1723139891371:463
options.factory @ webpack.js?v=1723139891371:715
__webpack_require__ @ webpack.js?v=1723139891371:37
fn @ webpack.js?v=1723139891371:371
Router @ app-router.js:529
renderWithHooks @ react-dom.development.js:11121
mountIndeterminateComponent @ react-dom.development.js:16869
beginWork$1 @ react-dom.development.js:18458
beginWork @ react-dom.development.js:26927
performUnitOfWork @ react-dom.development.js:25748
workLoopConcurrent @ react-dom.development.js:25734
renderRootConcurrent @ react-dom.development.js:25690
performConcurrentWorkOnRoot @ react-dom.development.js:24504
workLoop @ scheduler.development.js:256
flushWork @ scheduler.development.js:225
performWorkUntilDeadline @ scheduler.development.js:534
Show 33 more frames
Show less
image-loader.js:40 Uncaught Error: Invalid src prop (http://127.0.0.1:5000/uploads/buddy.jpg) on `next/image`, hostname "127.0.0.1" is not configured under images in your `next.config.js`
See more info: https://nextjs.org/docs/messages/next-image-unconfigured-host
    at defaultLoader (image-loader.js:40:27)
    at eval (get-img-props.js:100:36)
    at Array.map (<anonymous>)
    at generateImgAttrs (get-img-props.js:100:24)
    at getImgProps (get-img-props.js:397:27)
    at eval (image-component.js:277:82)
    at renderWithHooks (react-dom.development.js:11121:18)
    at updateForwardRef (react-dom.development.js:15854:20)
    at beginWork$1 (react-dom.development.js:18521:16)
    at HTMLUnknownElement.callCallback (react-dom.development.js:20565:14)
    at Object.invokeGuardedCallbackImpl (react-dom.development.js:20614:16)
    at invokeGuardedCallback (react-dom.development.js:20689:29)
    at beginWork (react-dom.development.js:26949:7)
    at performUnitOfWork (react-dom.development.js:25748:12)
    at workLoopSync (react-dom.development.js:25464:5)
    at renderRootSync (react-dom.development.js:25419:7)
    at performConcurrentWorkOnRoot (react-dom.development.js:24504:74)
    at workLoop (scheduler.development.js:256:34)
    at flushWork (scheduler.development.js:225:14)
    at MessagePort.performWorkUntilDeadline (scheduler.development.js:534:21)
defaultLoader @ image-loader.js:40
eval @ get-img-props.js:100
generateImgAttrs @ get-img-props.js:100
getImgProps @ get-img-props.js:397
eval @ image-component.js:277
renderWithHooks @ react-dom.development.js:11121
updateForwardRef @ react-dom.development.js:15854
beginWork$1 @ react-dom.development.js:18521
callCallback @ react-dom.development.js:20565
invokeGuardedCallbackImpl @ react-dom.development.js:20614
invokeGuardedCallback @ react-dom.development.js:20689
beginWork @ react-dom.development.js:26949
performUnitOfWork @ react-dom.development.js:25748
workLoopSync @ react-dom.development.js:25464
renderRootSync @ react-dom.development.js:25419
performConcurrentWorkOnRoot @ react-dom.development.js:24504
workLoop @ scheduler.development.js:256
flushWork @ scheduler.development.js:225
performWorkUntilDeadline @ scheduler.development.js:534
Show 19 more frames
Show less
redirect-boundary.js:57 Uncaught Error: Invalid src prop (http://127.0.0.1:5000/uploads/buddy.jpg) on `next/image`, hostname "127.0.0.1" is not configured under images in your `next.config.js`
See more info: https://nextjs.org/docs/messages/next-image-unconfigured-host
    at defaultLoader (image-loader.js:40:27)
    at eval (get-img-props.js:100:36)
    at Array.map (<anonymous>)
    at generateImgAttrs (get-img-props.js:100:24)
    at getImgProps (get-img-props.js:397:27)
    at eval (image-component.js:277:82)
    at renderWithHooks (react-dom.development.js:11121:18)
    at updateForwardRef (react-dom.development.js:15854:20)
    at beginWork$1 (react-dom.development.js:18521:16)
    at beginWork (react-dom.development.js:26927:14)
    at performUnitOfWork (react-dom.development.js:25748:12)
    at workLoopSync (react-dom.development.js:25464:5)
    at renderRootSync (react-dom.development.js:25419:7)
    at performConcurrentWorkOnRoot (react-dom.development.js:24504:74)
    at workLoop (scheduler.development.js:256:34)
    at flushWork (scheduler.development.js:225:14)
    at MessagePort.performWorkUntilDeadline (scheduler.development.js:534:21)
defaultLoader @ image-loader.js:40
eval @ get-img-props.js:100
generateImgAttrs @ get-img-props.js:100
getImgProps @ get-img-props.js:397
eval @ image-component.js:277
renderWithHooks @ react-dom.development.js:11121
updateForwardRef @ react-dom.development.js:15854
beginWork$1 @ react-dom.development.js:18521
beginWork @ react-dom.development.js:26927
performUnitOfWork @ react-dom.development.js:25748
workLoopSync @ react-dom.development.js:25464
renderRootSync @ react-dom.development.js:25419
performConcurrentWorkOnRoot @ react-dom.development.js:24504
workLoop @ scheduler.development.js:256
flushWork @ scheduler.development.js:225
performWorkUntilDeadline @ scheduler.development.js:534
Show 16 more frames
Show less
not-found-boundary.js:37 Uncaught Error: Invalid src prop (http://127.0.0.1:5000/uploads/buddy.jpg) on `next/image`, hostname "127.0.0.1" is not configured under images in your `next.config.js`
See more info: https://nextjs.org/docs/messages/next-image-unconfigured-host
    at defaultLoader (image-loader.js:40:27)
    at eval (get-img-props.js:100:36)
    at Array.map (<anonymous>)
    at generateImgAttrs (get-img-props.js:100:24)
    at getImgProps (get-img-props.js:397:27)
    at eval (image-component.js:277:82)
    at renderWithHooks (react-dom.development.js:11121:18)
    at updateForwardRef (react-dom.development.js:15854:20)
    at beginWork$1 (react-dom.development.js:18521:16)
    at beginWork (react-dom.development.js:26927:14)
    at performUnitOfWork (react-dom.development.js:25748:12)
    at workLoopSync (react-dom.development.js:25464:5)
    at renderRootSync (react-dom.development.js:25419:7)
    at performConcurrentWorkOnRoot (react-dom.development.js:24504:74)
    at workLoop (scheduler.development.js:256:34)
    at flushWork (scheduler.development.js:225:14)
    at MessagePort.performWorkUntilDeadline (scheduler.development.js:534:21)
defaultLoader @ image-loader.js:40
eval @ get-img-props.js:100
generateImgAttrs @ get-img-props.js:100
getImgProps @ get-img-props.js:397
eval @ image-component.js:277
renderWithHooks @ react-dom.development.js:11121
updateForwardRef @ react-dom.development.js:15854
beginWork$1 @ react-dom.development.js:18521
beginWork @ react-dom.development.js:26927
performUnitOfWork @ react-dom.development.js:25748
workLoopSync @ react-dom.development.js:25464
renderRootSync @ react-dom.development.js:25419
performConcurrentWorkOnRoot @ react-dom.development.js:24504
workLoop @ scheduler.development.js:256
flushWork @ scheduler.development.js:225
performWorkUntilDeadline @ scheduler.development.js:534
Show 16 more frames
Show less
redirect-boundary.js:57 Uncaught Error: Invalid src prop (http://127.0.0.1:5000/uploads/buddy.jpg) on `next/image`, hostname "127.0.0.1" is not configured under images in your `next.config.js`
See more info: https://nextjs.org/docs/messages/next-image-unconfigured-host
    at defaultLoader (image-loader.js:40:27)
    at eval (get-img-props.js:100:36)
    at Array.map (<anonymous>)
    at generateImgAttrs (get-img-props.js:100:24)
    at getImgProps (get-img-props.js:397:27)
    at eval (image-component.js:277:82)
    at renderWithHooks (react-dom.development.js:11121:18)
    at updateForwardRef (react-dom.development.js:15854:20)
    at beginWork$1 (react-dom.development.js:18521:16)
    at beginWork (react-dom.development.js:26927:14)
    at performUnitOfWork (react-dom.development.js:25748:12)
    at workLoopSync (react-dom.development.js:25464:5)
    at renderRootSync (react-dom.development.js:25419:7)
    at performConcurrentWorkOnRoot (react-dom.development.js:24504:74)
    at workLoop (scheduler.development.js:256:34)
    at flushWork (scheduler.development.js:225:14)
    at MessagePort.performWorkUntilDeadline (scheduler.development.js:534:21)
defaultLoader @ image-loader.js:40
eval @ get-img-props.js:100
generateImgAttrs @ get-img-props.js:100
getImgProps @ get-img-props.js:397
eval @ image-component.js:277
renderWithHooks @ react-dom.development.js:11121
updateForwardRef @ react-dom.development.js:15854
beginWork$1 @ react-dom.development.js:18521
beginWork @ react-dom.development.js:26927
performUnitOfWork @ react-dom.development.js:25748
workLoopSync @ react-dom.development.js:25464
renderRootSync @ react-dom.development.js:25419
performConcurrentWorkOnRoot @ react-dom.development.js:24504
workLoop @ scheduler.development.js:256
flushWork @ scheduler.development.js:225
performWorkUntilDeadline @ scheduler.development.js:534
Show 16 more frames
Show less
not-found-boundary.js:37 Uncaught Error: Invalid src prop (http://127.0.0.1:5000/uploads/buddy.jpg) on `next/image`, hostname "127.0.0.1" is not configured under images in your `next.config.js`
See more info: https://nextjs.org/docs/messages/next-image-unconfigured-host
    at defaultLoader (image-loader.js:40:27)
    at eval (get-img-props.js:100:36)
    at Array.map (<anonymous>)
    at generateImgAttrs (get-img-props.js:100:24)
    at getImgProps (get-img-props.js:397:27)
    at eval (image-component.js:277:82)
    at renderWithHooks (react-dom.development.js:11121:18)
    at updateForwardRef (react-dom.development.js:15854:20)
    at beginWork$1 (react-dom.development.js:18521:16)
    at beginWork (react-dom.development.js:26927:14)
    at performUnitOfWork (react-dom.development.js:25748:12)
    at workLoopSync (react-dom.development.js:25464:5)
    at renderRootSync (react-dom.development.js:25419:7)
    at performConcurrentWorkOnRoot (react-dom.development.js:24504:74)
    at workLoop (scheduler.development.js:256:34)
    at flushWork (scheduler.development.js:225:14)
    at MessagePort.performWorkUntilDeadline (scheduler.development.js:534:21)
defaultLoader @ image-loader.js:40
eval @ get-img-props.js:100
generateImgAttrs @ get-img-props.js:100
getImgProps @ get-img-props.js:397
eval @ image-component.js:277
renderWithHooks @ react-dom.development.js:11121
updateForwardRef @ react-dom.development.js:15854
beginWork$1 @ react-dom.development.js:18521
beginWork @ react-dom.development.js:26927
performUnitOfWork @ react-dom.development.js:25748
workLoopSync @ react-dom.development.js:25464
renderRootSync @ react-dom.development.js:25419
performConcurrentWorkOnRoot @ react-dom.development.js:24504
workLoop @ scheduler.development.js:256
flushWork @ scheduler.development.js:225
performWorkUntilDeadline @ scheduler.development.js:534
Show 16 more frames
Show less
image-loader.js:40 Uncaught Error: Invalid src prop (http://127.0.0.1:5000/uploads/buddy.jpg) on `next/image`, hostname "127.0.0.1" is not configured under images in your `next.config.js`
See more info: https://nextjs.org/docs/messages/next-image-unconfigured-host
    at defaultLoader (image-loader.js:40:27)
    at eval (get-img-props.js:100:36)
    at Array.map (<anonymous>)
    at generateImgAttrs (get-img-props.js:100:24)
    at getImgProps (get-img-props.js:397:27)
    at eval (image-component.js:277:82)
    at renderWithHooks (react-dom.development.js:11121:18)
    at updateForwardRef (react-dom.development.js:15854:20)
    at beginWork$1 (react-dom.development.js:18521:16)
    at HTMLUnknownElement.callCallback (react-dom.development.js:20565:14)
    at Object.invokeGuardedCallbackImpl (react-dom.development.js:20614:16)
    at invokeGuardedCallback (react-dom.development.js:20689:29)
    at beginWork (react-dom.development.js:26949:7)
    at performUnitOfWork (react-dom.development.js:25748:12)
    at workLoopSync (react-dom.development.js:25464:5)
    at renderRootSync (react-dom.development.js:25419:7)
    at recoverFromConcurrentError (react-dom.development.js:24597:20)
    at performConcurrentWorkOnRoot (react-dom.development.js:24542:26)
    at workLoop (scheduler.development.js:256:34)
    at flushWork (scheduler.development.js:225:14)
    at MessagePort.performWorkUntilDeadline (scheduler.development.js:534:21)
defaultLoader @ image-loader.js:40
eval @ get-img-props.js:100
generateImgAttrs @ get-img-props.js:100
getImgProps @ get-img-props.js:397
eval @ image-component.js:277
renderWithHooks @ react-dom.development.js:11121
updateForwardRef @ react-dom.development.js:15854
beginWork$1 @ react-dom.development.js:18521
callCallback @ react-dom.development.js:20565
invokeGuardedCallbackImpl @ react-dom.development.js:20614
invokeGuardedCallback @ react-dom.development.js:20689
beginWork @ react-dom.development.js:26949
performUnitOfWork @ react-dom.development.js:25748
workLoopSync @ react-dom.development.js:25464
renderRootSync @ react-dom.development.js:25419
recoverFromConcurrentError @ react-dom.development.js:24597
performConcurrentWorkOnRoot @ react-dom.development.js:24542
workLoop @ scheduler.development.js:256
flushWork @ scheduler.development.js:225
performWorkUntilDeadline @ scheduler.development.js:534
Show 20 more frames
Show less
redirect-boundary.js:57 Uncaught Error: Invalid src prop (http://127.0.0.1:5000/uploads/buddy.jpg) on `next/image`, hostname "127.0.0.1" is not configured under images in your `next.config.js`
See more info: https://nextjs.org/docs/messages/next-image-unconfigured-host
    at defaultLoader (image-loader.js:40:27)
    at eval (get-img-props.js:100:36)
    at Array.map (<anonymous>)
    at generateImgAttrs (get-img-props.js:100:24)
    at getImgProps (get-img-props.js:397:27)
    at eval (image-component.js:277:82)
    at renderWithHooks (react-dom.development.js:11121:18)
    at updateForwardRef (react-dom.development.js:15854:20)
    at beginWork$1 (react-dom.development.js:18521:16)
    at beginWork (react-dom.development.js:26927:14)
    at performUnitOfWork (react-dom.development.js:25748:12)
    at workLoopSync (react-dom.development.js:25464:5)
    at renderRootSync (react-dom.development.js:25419:7)
    at recoverFromConcurrentError (react-dom.development.js:24597:20)
    at performConcurrentWorkOnRoot (react-dom.development.js:24542:26)
    at workLoop (scheduler.development.js:256:34)
    at flushWork (scheduler.development.js:225:14)
    at MessagePort.performWorkUntilDeadline (scheduler.development.js:534:21)
defaultLoader @ image-loader.js:40
eval @ get-img-props.js:100
generateImgAttrs @ get-img-props.js:100
getImgProps @ get-img-props.js:397
eval @ image-component.js:277
renderWithHooks @ react-dom.development.js:11121
updateForwardRef @ react-dom.development.js:15854
beginWork$1 @ react-dom.development.js:18521
beginWork @ react-dom.development.js:26927
performUnitOfWork @ react-dom.development.js:25748
workLoopSync @ react-dom.development.js:25464
renderRootSync @ react-dom.development.js:25419
recoverFromConcurrentError @ react-dom.development.js:24597
performConcurrentWorkOnRoot @ react-dom.development.js:24542
workLoop @ scheduler.development.js:256
flushWork @ scheduler.development.js:225
performWorkUntilDeadline @ scheduler.development.js:534
Show 17 more frames
Show less
not-found-boundary.js:37 Uncaught Error: Invalid src prop (http://127.0.0.1:5000/uploads/buddy.jpg) on `next/image`, hostname "127.0.0.1" is not configured under images in your `next.config.js`
See more info: https://nextjs.org/docs/messages/next-image-unconfigured-host
    at defaultLoader (image-loader.js:40:27)
    at eval (get-img-props.js:100:36)
    at Array.map (<anonymous>)
    at generateImgAttrs (get-img-props.js:100:24)
    at getImgProps (get-img-props.js:397:27)
    at eval (image-component.js:277:82)
    at renderWithHooks (react-dom.development.js:11121:18)
    at updateForwardRef (react-dom.development.js:15854:20)
    at beginWork$1 (react-dom.development.js:18521:16)
    at beginWork (react-dom.development.js:26927:14)
    at performUnitOfWork (react-dom.development.js:25748:12)
    at workLoopSync (react-dom.development.js:25464:5)
    at renderRootSync (react-dom.development.js:25419:7)
    at recoverFromConcurrentError (react-dom.development.js:24597:20)
    at performConcurrentWorkOnRoot (react-dom.development.js:24542:26)
    at workLoop (scheduler.development.js:256:34)
    at flushWork (scheduler.development.js:225:14)
    at MessagePort.performWorkUntilDeadline (scheduler.development.js:534:21)
defaultLoader @ image-loader.js:40
eval @ get-img-props.js:100
generateImgAttrs @ get-img-props.js:100
getImgProps @ get-img-props.js:397
eval @ image-component.js:277
renderWithHooks @ react-dom.development.js:11121
updateForwardRef @ react-dom.development.js:15854
beginWork$1 @ react-dom.development.js:18521
beginWork @ react-dom.development.js:26927
performUnitOfWork @ react-dom.development.js:25748
workLoopSync @ react-dom.development.js:25464
renderRootSync @ react-dom.development.js:25419
recoverFromConcurrentError @ react-dom.development.js:24597
performConcurrentWorkOnRoot @ react-dom.development.js:24542
workLoop @ scheduler.development.js:256
flushWork @ scheduler.development.js:225
performWorkUntilDeadline @ scheduler.development.js:534
Show 17 more frames
Show less
redirect-boundary.js:57 Uncaught Error: Invalid src prop (http://127.0.0.1:5000/uploads/buddy.jpg) on `next/image`, hostname "127.0.0.1" is not configured under images in your `next.config.js`
See more info: https://nextjs.org/docs/messages/next-image-unconfigured-host
    at defaultLoader (image-loader.js:40:27)
    at eval (get-img-props.js:100:36)
    at Array.map (<anonymous>)
    at generateImgAttrs (get-img-props.js:100:24)
    at getImgProps (get-img-props.js:397:27)
    at eval (image-component.js:277:82)
    at renderWithHooks (react-dom.development.js:11121:18)
    at updateForwardRef (react-dom.development.js:15854:20)
    at beginWork$1 (react-dom.development.js:18521:16)
    at beginWork (react-dom.development.js:26927:14)
    at performUnitOfWork (react-dom.development.js:25748:12)
    at workLoopSync (react-dom.development.js:25464:5)
    at renderRootSync (react-dom.development.js:25419:7)
    at recoverFromConcurrentError (react-dom.development.js:24597:20)
    at performConcurrentWorkOnRoot (react-dom.development.js:24542:26)
    at workLoop (scheduler.development.js:256:34)
    at flushWork (scheduler.development.js:225:14)
    at MessagePort.performWorkUntilDeadline (scheduler.development.js:534:21)
defaultLoader @ image-loader.js:40
eval @ get-img-props.js:100
generateImgAttrs @ get-img-props.js:100
getImgProps @ get-img-props.js:397
eval @ image-component.js:277
renderWithHooks @ react-dom.development.js:11121
updateForwardRef @ react-dom.development.js:15854
beginWork$1 @ react-dom.development.js:18521
beginWork @ react-dom.development.js:26927
performUnitOfWork @ react-dom.development.js:25748
workLoopSync @ react-dom.development.js:25464
renderRootSync @ react-dom.development.js:25419
recoverFromConcurrentError @ react-dom.development.js:24597
performConcurrentWorkOnRoot @ react-dom.development.js:24542
workLoop @ scheduler.development.js:256
flushWork @ scheduler.development.js:225
performWorkUntilDeadline @ scheduler.development.js:534
Show 17 more frames
Show less
not-found-boundary.js:37 Uncaught Error: Invalid src prop (http://127.0.0.1:5000/uploads/buddy.jpg) on `next/image`, hostname "127.0.0.1" is not configured under images in your `next.config.js`
See more info: https://nextjs.org/docs/messages/next-image-unconfigured-host
    at defaultLoader (image-loader.js:40:27)
    at eval (get-img-props.js:100:36)
    at Array.map (<anonymous>)
    at generateImgAttrs (get-img-props.js:100:24)
    at getImgProps (get-img-props.js:397:27)
    at eval (image-component.js:277:82)
    at renderWithHooks (react-dom.development.js:11121:18)
    at updateForwardRef (react-dom.development.js:15854:20)
    at beginWork$1 (react-dom.development.js:18521:16)
    at beginWork (react-dom.development.js:26927:14)
    at performUnitOfWork (react-dom.development.js:25748:12)
    at workLoopSync (react-dom.development.js:25464:5)
    at renderRootSync (react-dom.development.js:25419:7)
    at recoverFromConcurrentError (react-dom.development.js:24597:20)
    at performConcurrentWorkOnRoot (react-dom.development.js:24542:26)
    at workLoop (scheduler.development.js:256:34)
    at flushWork (scheduler.development.js:225:14)
    at MessagePort.performWorkUntilDeadline (scheduler.development.js:534:21)
defaultLoader @ image-loader.js:40
eval @ get-img-props.js:100
generateImgAttrs @ get-img-props.js:100
getImgProps @ get-img-props.js:397
eval @ image-component.js:277
renderWithHooks @ react-dom.development.js:11121
updateForwardRef @ react-dom.development.js:15854
beginWork$1 @ react-dom.development.js:18521
beginWork @ react-dom.development.js:26927
performUnitOfWork @ react-dom.development.js:25748
workLoopSync @ react-dom.development.js:25464
renderRootSync @ react-dom.development.js:25419
recoverFromConcurrentError @ react-dom.development.js:24597
performConcurrentWorkOnRoot @ react-dom.development.js:24542
workLoop @ scheduler.development.js:256
flushWork @ scheduler.development.js:225
performWorkUntilDeadline @ scheduler.development.js:534
Show 17 more frames
Show less
app-index.js:33 The above error occurred in the <NotFoundErrorBoundary> component:

    at eval (webpack-internal:///(app-pages-browser)/./node_modules/next/dist/client/image-component.js:243:47)
    at div
    at div
    at main
    at Home (webpack-internal:///(app-pages-browser)/./app/page.tsx:17:76)
    at ClientPageRoot (webpack-internal:///(app-pages-browser)/./node_modules/next/dist/client/components/client-page.js:14:11)
    at InnerLayoutRouter (webpack-internal:///(app-pages-browser)/./node_modules/next/dist/client/components/layout-router.js:243:11)
    at RedirectErrorBoundary (webpack-internal:///(app-pages-browser)/./node_modules/next/dist/client/components/redirect-boundary.js:74:9)
    at RedirectBoundary (webpack-internal:///(app-pages-browser)/./node_modules/next/dist/client/components/redirect-boundary.js:82:11)
    at NotFoundErrorBoundary (webpack-internal:///(app-pages-browser)/./node_modules/next/dist/client/components/not-found-boundary.js:76:9)
    at NotFoundBoundary (webpack-internal:///(app-pages-browser)/./node_modules/next/dist/client/components/not-found-boundary.js:84:11)
    at LoadingBoundary (webpack-internal:///(app-pages-browser)/./node_modules/next/dist/client/components/layout-router.js:349:11)
    at ErrorBoundary (webpack-internal:///(app-pages-browser)/./node_modules/next/dist/client/components/error-boundary.js:160:11)
    at InnerScrollAndFocusHandler (webpack-internal:///(app-pages-browser)/./node_modules/next/dist/client/components/layout-router.js:153:9)
    at ScrollAndFocusHandler (webpack-internal:///(app-pages-browser)/./node_modules/next/dist/client/components/layout-router.js:228:11)
    at RenderFromTemplateContext (webpack-internal:///(app-pages-browser)/./node_modules/next/dist/client/components/render-from-template-context.js:16:44)
    at OuterLayoutRouter (webpack-internal:///(app-pages-browser)/./node_modules/next/dist/client/components/layout-router.js:370:11)
    at body
    at html
    at RootLayout (Server)
    at RedirectErrorBoundary (webpack-internal:///(app-pages-browser)/./node_modules/next/dist/client/components/redirect-boundary.js:74:9)
    at RedirectBoundary (webpack-internal:///(app-pages-browser)/./node_modules/next/dist/client/components/redirect-boundary.js:82:11)
    at NotFoundErrorBoundary (webpack-internal:///(app-pages-browser)/./node_modules/next/dist/client/components/not-found-boundary.js:76:9)
    at NotFoundBoundary (webpack-internal:///(app-pages-browser)/./node_modules/next/dist/client/components/not-found-boundary.js:84:11)
    at DevRootNotFoundBoundary (webpack-internal:///(app-pages-browser)/./node_modules/next/dist/client/components/dev-root-not-found-boundary.js:33:11)
    at ReactDevOverlay (webpack-internal:///(app-pages-browser)/./node_modules/next/dist/client/components/react-dev-overlay/app/ReactDevOverlay.js:87:9)
    at HotReload (webpack-internal:///(app-pages-browser)/./node_modules/next/dist/client/components/react-dev-overlay/app/hot-reloader-client.js:321:11)
    at Router (webpack-internal:///(app-pages-browser)/./node_modules/next/dist/client/components/app-router.js:207:11)
    at ErrorBoundaryHandler (webpack-internal:///(app-pages-browser)/./node_modules/next/dist/client/components/error-boundary.js:113:9)
    at ErrorBoundary (webpack-internal:///(app-pages-browser)/./node_modules/next/dist/client/components/error-boundary.js:160:11)
    at AppRouter (webpack-internal:///(app-pages-browser)/./node_modules/next/dist/client/components/app-router.js:585:13)
    at ServerRoot (webpack-internal:///(app-pages-browser)/./node_modules/next/dist/client/app-index.js:112:27)
    at Root (webpack-internal:///(app-pages-browser)/./node_modules/next/dist/client/app-index.js:117:11)

React will try to recreate this component tree from scratch using the error boundary you provided, ReactDevOverlay.
window.console.error @ app-index.js:33
console.error @ hydration-error-info.js:63
logCapturedError @ react-dom.development.js:15295
callback @ react-dom.development.js:15357
callCallback @ react-dom.development.js:8696
commitCallbacks @ react-dom.development.js:8743
commitClassCallbacks @ react-dom.development.js:21323
commitLayoutEffectOnFiber @ react-dom.development.js:21425
recursivelyTraverseLayoutEffects @ react-dom.development.js:22926
commitLayoutEffectOnFiber @ react-dom.development.js:21407
recursivelyTraverseLayoutEffects @ react-dom.development.js:22926
commitLayoutEffectOnFiber @ react-dom.development.js:21577
recursivelyTraverseLayoutEffects @ react-dom.development.js:22926
commitLayoutEffectOnFiber @ react-dom.development.js:21577
recursivelyTraverseLayoutEffects @ react-dom.development.js:22926
commitLayoutEffectOnFiber @ react-dom.development.js:21577
recursivelyTraverseLayoutEffects @ react-dom.development.js:22926
commitLayoutEffectOnFiber @ react-dom.development.js:21577
recursivelyTraverseLayoutEffects @ react-dom.development.js:22926
commitLayoutEffectOnFiber @ react-dom.development.js:21577
recursivelyTraverseLayoutEffects @ react-dom.development.js:22926
commitLayoutEffectOnFiber @ react-dom.development.js:21577
recursivelyTraverseLayoutEffects @ react-dom.development.js:22926
commitLayoutEffectOnFiber @ react-dom.development.js:21407
recursivelyTraverseLayoutEffects @ react-dom.development.js:22926
commitLayoutEffectOnFiber @ react-dom.development.js:21418
recursivelyTraverseLayoutEffects @ react-dom.development.js:22926
commitLayoutEffectOnFiber @ react-dom.development.js:21407
recursivelyTraverseLayoutEffects @ react-dom.development.js:22926
commitLayoutEffectOnFiber @ react-dom.development.js:21407
recursivelyTraverseLayoutEffects @ react-dom.development.js:22926
commitLayoutEffectOnFiber @ react-dom.development.js:21407
recursivelyTraverseLayoutEffects @ react-dom.development.js:22926
commitLayoutEffectOnFiber @ react-dom.development.js:21407
recursivelyTraverseLayoutEffects @ react-dom.development.js:22926
commitLayoutEffectOnFiber @ react-dom.development.js:21577
recursivelyTraverseLayoutEffects @ react-dom.development.js:22926
commitLayoutEffectOnFiber @ react-dom.development.js:21577
recursivelyTraverseLayoutEffects @ react-dom.development.js:22926
commitLayoutEffectOnFiber @ react-dom.development.js:21577
recursivelyTraverseLayoutEffects @ react-dom.development.js:22926
commitLayoutEffectOnFiber @ react-dom.development.js:21437
commitLayoutEffects @ react-dom.development.js:22912
commitRootImpl @ react-dom.development.js:26226
commitRoot @ react-dom.development.js:26077
commitRootWhenReady @ react-dom.development.js:24749
finishConcurrentRender @ react-dom.development.js:24714
performConcurrentWorkOnRoot @ react-dom.development.js:24559
workLoop @ scheduler.development.js:256
flushWork @ scheduler.development.js:225
performWorkUntilDeadline @ scheduler.development.js:534
Show 51 more frames
Show less
page.tsx:28 Fetched data (5) [{…}, {…}, {…}, {…}, {…}]0: {age: 3, breed: 'Golden Retriever', description: 'Friendly and energetic', imageURL: 'http://127.0.0.1:5000/uploads/buddy.jpg', name: 'Buddy', …}1: {age: 2, breed: 'English Tiger', description: 'Friendly and lazy', imageURL: 'http://127.0.0.1:5000/uploads/beauty.jpg', name: 'Beauty', …}2: {age: 3, breed: 'No Idea', description: 'Friendly and lazy', imageURL: 'http://127.0.0.1:5000/uploads/moon.jpg', name: 'Moon', …}3: {age: 3, breed: 'English Black', description: 'Angry but beautiful', imageURL: 'http://127.0.0.1:5000/uploads/mochi.jpg', name: 'Mochi', …}4: {age: 3, breed: 'pug', description: 'friendly', imageURL: 'http://127.0.0.1:5000/uploads/king.png', name: 'King do', …}length: 5[[Prototype]]: Array(0)
